2022-05-06 19:06:14,199 INFO    MainThread:2532 [wandb_setup.py:_flush():76] Loading settings from C:\Users\ipola\.config\wandb\settings
2022-05-06 19:06:14,199 INFO    MainThread:2532 [wandb_setup.py:_flush():76] Loading settings from E:\Projects\yolov5\wandb\settings
2022-05-06 19:06:14,199 INFO    MainThread:2532 [wandb_setup.py:_flush():76] Loading settings from environment variables: {}
2022-05-06 19:06:14,200 INFO    MainThread:2532 [wandb_setup.py:_flush():76] Inferring run settings from compute environment: {'program_relpath': 'train.py', 'program': 'E:\\Projects\\yolov5\\train.py'}
2022-05-06 19:06:14,200 INFO    MainThread:2532 [wandb_setup.py:_flush():76] Applying login settings: {'login_timeout': 30}
2022-05-06 19:06:14,200 INFO    MainThread:2532 [wandb_setup.py:_flush():76] Applying login settings: {'api_key': '***REDACTED***'}
2022-05-06 19:06:14,200 INFO    MainThread:2532 [wandb_init.py:_log_setup():428] Logging user logs to E:\Projects\yolov5\wandb\run-20220506_190613-182ynbxb\logs\debug.log
2022-05-06 19:06:14,200 INFO    MainThread:2532 [wandb_init.py:_log_setup():429] Logging internal logs to E:\Projects\yolov5\wandb\run-20220506_190613-182ynbxb\logs\debug-internal.log
2022-05-06 19:06:14,200 INFO    MainThread:2532 [wandb_init.py:init():462] calling init triggers
2022-05-06 19:06:14,200 INFO    MainThread:2532 [wandb_init.py:init():465] wandb.init called with sweep_config: {}
config: {'weights': 'yolov5s.pt', 'cfg': './models/yolov5s_custom.yaml', 'data': 'data.yaml', 'hyp': {'lr0': 0.01, 'lrf': 0.01, 'momentum': 0.937, 'weight_decay': 0.0005, 'warmup_epochs': 3.0, 'warmup_momentum': 0.8, 'warmup_bias_lr': 0.1, 'box': 0.05, 'cls': 0.5, 'cls_pw': 1.0, 'obj': 1.0, 'obj_pw': 1.0, 'iou_t': 0.2, 'anchor_t': 4.0, 'fl_gamma': 0.0, 'hsv_h': 0.015, 'hsv_s': 0.7, 'hsv_v': 0.4, 'degrees': 0.0, 'translate': 0.1, 'scale': 0.5, 'shear': 0.0, 'perspective': 0.0, 'flipud': 0.0, 'fliplr': 0.5, 'mosaic': 1.0, 'mixup': 0.0, 'copy_paste': 0.0}, 'epochs': 10, 'batch_size': 16, 'imgsz': 416, 'rect': False, 'resume': False, 'nosave': False, 'noval': False, 'noautoanchor': False, 'noplots': False, 'evolve': None, 'bucket': '', 'cache': 'ram', 'image_weights': False, 'device': '', 'multi_scale': False, 'single_cls': False, 'optimizer': 'SGD', 'sync_bn': False, 'workers': 8, 'project': 'runs\\train', 'name': 'yolov5s_results', 'exist_ok': False, 'quad': False, 'cos_lr': False, 'label_smoothing': 0.0, 'patience': 100, 'freeze': [0], 'save_period': -1, 'local_rank': -1, 'entity': None, 'upload_dataset': False, 'bbox_interval': -1, 'artifact_alias': 'latest', 'save_dir': 'runs\\train\\yolov5s_results7'}
2022-05-06 19:06:14,200 INFO    MainThread:2532 [wandb_init.py:init():515] starting backend
2022-05-06 19:06:14,200 INFO    MainThread:2532 [backend.py:_multiprocessing_setup():97] multiprocessing start_methods=spawn, using: spawn
2022-05-06 19:06:14,202 INFO    MainThread:2532 [backend.py:ensure_launched():217] starting backend process...
2022-05-06 19:06:14,257 INFO    MainThread:2532 [backend.py:ensure_launched():222] started backend process with pid: 11848
2022-05-06 19:06:14,257 INFO    MainThread:2532 [wandb_init.py:init():525] backend started and connected
2022-05-06 19:06:14,259 INFO    MainThread:2532 [wandb_init.py:init():596] updated telemetry
2022-05-06 19:06:14,296 INFO    MainThread:2532 [wandb_init.py:init():627] communicating run to backend with 30 second timeout
2022-05-06 19:06:16,210 INFO    MainThread:2532 [wandb_run.py:_on_init():1924] communicating current version
2022-05-06 19:06:16,433 INFO    MainThread:2532 [wandb_run.py:_on_init():1928] got version response 
2022-05-06 19:06:16,433 INFO    MainThread:2532 [wandb_init.py:init():662] starting run threads in backend
2022-05-06 19:06:16,630 INFO    MainThread:2532 [wandb_run.py:_console_start():1898] atexit reg
2022-05-06 19:06:16,631 INFO    MainThread:2532 [wandb_run.py:_redirect():1771] redirect: SettingsConsole.WRAP
2022-05-06 19:06:16,631 INFO    MainThread:2532 [wandb_run.py:_redirect():1808] Wrapping output streams.
2022-05-06 19:06:16,632 INFO    MainThread:2532 [wandb_run.py:_redirect():1832] Redirects installed.
2022-05-06 19:06:16,632 INFO    MainThread:2532 [wandb_init.py:init():688] run started, returning control to user process
2022-05-06 19:06:16,636 INFO    MainThread:2532 [wandb_run.py:_config_callback():1136] config_cb None None {'data_dict': {'path': 'dataset', 'train': 'E:\\Projects\\yolov5\\dataset\\images', 'val': 'E:\\Projects\\yolov5\\dataset\\images', 'test': None, 'nc': 1, 'names': ['helmet']}}
2022-05-06 19:13:01,268 INFO    MainThread:2532 [wandb_run.py:_finish():1685] finishing run ismailpolas/train/182ynbxb
2022-05-06 19:13:01,268 INFO    MainThread:2532 [wandb_run.py:_atexit_cleanup():1867] got exitcode: 0
2022-05-06 19:13:01,269 INFO    MainThread:2532 [wandb_run.py:_restore():1839] restore
2022-05-06 19:13:06,737 INFO    MainThread:2532 [wandb_run.py:_on_finish():1996] got exit ret: None
2022-05-06 19:13:07,964 INFO    MainThread:2532 [wandb_run.py:_on_finish():1996] got exit ret: file_counts {
  wandb_count: 1
  media_count: 336
  artifact_count: 1
}
pusher_stats {
  uploaded_bytes: 54641404
  total_bytes: 58022383
}

2022-05-06 19:13:08,498 INFO    MainThread:2532 [wandb_run.py:_on_finish():1996] got exit ret: file_counts {
  wandb_count: 1
  media_count: 337
  artifact_count: 1
}
pusher_stats {
  uploaded_bytes: 56202214
  total_bytes: 58086060
}

2022-05-06 19:13:09,369 INFO    MainThread:2532 [wandb_run.py:_on_finish():1996] got exit ret: file_counts {
  wandb_count: 5
  media_count: 337
  artifact_count: 1
}
pusher_stats {
  uploaded_bytes: 58086060
  total_bytes: 58115107
}

2022-05-06 19:13:09,483 INFO    MainThread:2532 [wandb_run.py:_on_finish():1996] got exit ret: file_counts {
  wandb_count: 5
  media_count: 337
  artifact_count: 1
}
pusher_stats {
  uploaded_bytes: 58086060
  total_bytes: 58115107
}

2022-05-06 19:13:09,593 INFO    MainThread:2532 [wandb_run.py:_on_finish():1996] got exit ret: file_counts {
  wandb_count: 5
  media_count: 337
  artifact_count: 1
}
pusher_stats {
  uploaded_bytes: 58086060
  total_bytes: 58115107
}

2022-05-06 19:13:09,702 INFO    MainThread:2532 [wandb_run.py:_on_finish():1996] got exit ret: file_counts {
  wandb_count: 5
  media_count: 337
  artifact_count: 1
}
pusher_stats {
  uploaded_bytes: 58086060
  total_bytes: 58115107
}

2022-05-06 19:13:09,812 INFO    MainThread:2532 [wandb_run.py:_on_finish():1996] got exit ret: file_counts {
  wandb_count: 5
  media_count: 337
  artifact_count: 1
}
pusher_stats {
  uploaded_bytes: 58086060
  total_bytes: 58115107
}

2022-05-06 19:13:09,924 INFO    MainThread:2532 [wandb_run.py:_on_finish():1996] got exit ret: file_counts {
  wandb_count: 5
  media_count: 337
  artifact_count: 1
}
pusher_stats {
  uploaded_bytes: 58112991
  total_bytes: 58115107
}

2022-05-06 19:13:10,036 INFO    MainThread:2532 [wandb_run.py:_on_finish():1996] got exit ret: file_counts {
  wandb_count: 5
  media_count: 337
  artifact_count: 1
}
pusher_stats {
  uploaded_bytes: 58112991
  total_bytes: 58115107
}

2022-05-06 19:13:10,148 INFO    MainThread:2532 [wandb_run.py:_on_finish():1996] got exit ret: file_counts {
  wandb_count: 5
  media_count: 337
  artifact_count: 1
}
pusher_stats {
  uploaded_bytes: 58112991
  total_bytes: 58115107
}

2022-05-06 19:13:10,260 INFO    MainThread:2532 [wandb_run.py:_on_finish():1996] got exit ret: file_counts {
  wandb_count: 5
  media_count: 337
  artifact_count: 1
}
pusher_stats {
  uploaded_bytes: 58112991
  total_bytes: 58115107
}

2022-05-06 19:13:10,372 INFO    MainThread:2532 [wandb_run.py:_on_finish():1996] got exit ret: file_counts {
  wandb_count: 5
  media_count: 337
  artifact_count: 1
}
pusher_stats {
  uploaded_bytes: 58115107
  total_bytes: 58115107
}

2022-05-06 19:13:10,485 INFO    MainThread:2532 [wandb_run.py:_on_finish():1996] got exit ret: file_counts {
  wandb_count: 5
  media_count: 337
  artifact_count: 1
}
pusher_stats {
  uploaded_bytes: 58115107
  total_bytes: 58115107
}

2022-05-06 19:13:10,595 INFO    MainThread:2532 [wandb_run.py:_on_finish():1996] got exit ret: file_counts {
  wandb_count: 5
  media_count: 337
  artifact_count: 1
}
pusher_stats {
  uploaded_bytes: 58115107
  total_bytes: 58115107
}

2022-05-06 19:13:10,706 INFO    MainThread:2532 [wandb_run.py:_on_finish():1996] got exit ret: file_counts {
  wandb_count: 5
  media_count: 337
  artifact_count: 1
}
pusher_stats {
  uploaded_bytes: 58115107
  total_bytes: 58115107
}

2022-05-06 19:13:10,815 INFO    MainThread:2532 [wandb_run.py:_on_finish():1996] got exit ret: file_counts {
  wandb_count: 5
  media_count: 337
  artifact_count: 1
}
pusher_stats {
  uploaded_bytes: 58115107
  total_bytes: 58115107
}

2022-05-06 19:13:10,927 INFO    MainThread:2532 [wandb_run.py:_on_finish():1996] got exit ret: file_counts {
  wandb_count: 5
  media_count: 337
  artifact_count: 1
}
pusher_stats {
  uploaded_bytes: 58115107
  total_bytes: 58115107
}

2022-05-06 19:13:11,039 INFO    MainThread:2532 [wandb_run.py:_on_finish():1996] got exit ret: file_counts {
  wandb_count: 5
  media_count: 337
  artifact_count: 1
}
pusher_stats {
  uploaded_bytes: 58115107
  total_bytes: 58115107
}

2022-05-06 19:13:13,272 INFO    MainThread:2532 [wandb_run.py:_on_finish():1996] got exit ret: file_counts {
  wandb_count: 5
  media_count: 337
  artifact_count: 1
}
pusher_stats {
  uploaded_bytes: 58115107
  total_bytes: 58115107
}

2022-05-06 19:13:13,844 INFO    MainThread:2532 [wandb_run.py:_on_finish():1996] got exit ret: done: true
exit_result {
}
file_counts {
  wandb_count: 5
  media_count: 337
  artifact_count: 1
}
pusher_stats {
  uploaded_bytes: 58115107
  total_bytes: 58115107
}
local_info {
}

2022-05-06 19:13:15,114 INFO    MainThread:2532 [wandb_run.py:_footer_history_summary_info():3104] rendering history
2022-05-06 19:13:15,115 INFO    MainThread:2532 [wandb_run.py:_footer_history_summary_info():3136] rendering summary
2022-05-06 19:13:15,133 INFO    MainThread:2532 [wandb_run.py:_footer_sync_info():3060] logging synced files
